This file contains any messages produced by compilers while
running configure, to aid debugging if configure makes a mistake.

It was created by configure, which was
generated by GNU Autoconf 2.69.  Invocation command line was

  $ ./configure 

## --------- ##
## Platform. ##
## --------- ##

hostname = liuxu-All-Series
uname -m = x86_64
uname -r = 4.15.0-51-generic
uname -s = Linux
uname -v = #55-Ubuntu SMP Wed May 15 14:27:21 UTC 2019

/usr/bin/uname -p = unknown
/bin/uname -X     = unknown

/bin/arch              = unknown
/usr/bin/arch -k       = unknown
/usr/convex/getsysinfo = unknown
/usr/bin/hostinfo      = unknown
/bin/machine           = unknown
/usr/bin/oslevel       = unknown
/bin/universe          = unknown

PATH: /home/liuxu/bin/bison/bin
PATH: /home/liuxu/.config/composer/vendor/bin
PATH: /home/liuxu/bin/protoc/bin
PATH: /home/liuxu/bin/go/bin
PATH: /home/liuxu/.local/bin
PATH: /home/liuxu/bin
PATH: /opt/proxychains-ng/bin
PATH: /usr/local/sbin
PATH: /usr/local/bin
PATH: /usr/sbin
PATH: /usr/bin
PATH: /sbin
PATH: /bin
PATH: /usr/games
PATH: /usr/local/games
PATH: /snap/bin


## ----------- ##
## Core tests. ##
## ----------- ##

configure:2097: checking for grep that handles long lines and -e
configure:2155: result: /bin/grep
configure:2160: checking for egrep
configure:2222: result: /bin/grep -E
configure:2227: checking for a sed that does not truncate output
configure:2291: result: /bin/sed
configure:2430: checking for cc
configure:2446: found /usr/bin/cc
configure:2457: result: cc
configure:2488: checking for C compiler version
configure:2497: cc --version >&5
cc (Ubuntu 7.4.0-1ubuntu1~18.04) 7.4.0
Copyright (C) 2017 Free Software Foundation, Inc.
This is free software; see the source for copying conditions.  There is NO
warranty; not even for MERCHANTABILITY or FITNESS FOR A PARTICULAR PURPOSE.

configure:2508: $? = 0
configure:2497: cc -v >&5
Using built-in specs.
COLLECT_GCC=cc
COLLECT_LTO_WRAPPER=/usr/lib/gcc/x86_64-linux-gnu/7/lto-wrapper
OFFLOAD_TARGET_NAMES=nvptx-none
OFFLOAD_TARGET_DEFAULT=1
Target: x86_64-linux-gnu
Configured with: ../src/configure -v --with-pkgversion='Ubuntu 7.4.0-1ubuntu1~18.04' --with-bugurl=file:///usr/share/doc/gcc-7/README.Bugs --enable-languages=c,ada,c++,go,brig,d,fortran,objc,obj-c++ --prefix=/usr --with-gcc-major-version-only --program-suffix=-7 --program-prefix=x86_64-linux-gnu- --enable-shared --enable-linker-build-id --libexecdir=/usr/lib --without-included-gettext --enable-threads=posix --libdir=/usr/lib --enable-nls --with-sysroot=/ --enable-clocale=gnu --enable-libstdcxx-debug --enable-libstdcxx-time=yes --with-default-libstdcxx-abi=new --enable-gnu-unique-object --disable-vtable-verify --enable-libmpx --enable-plugin --enable-default-pie --with-system-zlib --with-target-system-zlib --enable-objc-gc=auto --enable-multiarch --disable-werror --with-arch-32=i686 --with-abi=m64 --with-multilib-list=m32,m64,mx32 --enable-multilib --with-tune=generic --enable-offload-targets=nvptx-none --without-cuda-driver --enable-checking=release --build=x86_64-linux-gnu --host=x86_64-linux-gnu --target=x86_64-linux-gnu
Thread model: posix
gcc version 7.4.0 (Ubuntu 7.4.0-1ubuntu1~18.04) 
configure:2508: $? = 0
configure:2497: cc -V >&5
cc: error: unrecognized command line option '-V'
cc: fatal error: no input files
compilation terminated.
configure:2508: $? = 1
configure:2497: cc -qversion >&5
cc: error: unrecognized command line option '-qversion'; did you mean '--version'?
cc: fatal error: no input files
compilation terminated.
configure:2508: $? = 1
configure:2528: checking whether the C compiler works
configure:2550: cc    conftest.c  >&5
configure:2554: $? = 0
configure:2602: result: yes
configure:2605: checking for C compiler default output file name
configure:2607: result: a.out
configure:2613: checking for suffix of executables
configure:2620: cc -o conftest    conftest.c  >&5
configure:2624: $? = 0
configure:2646: result: 
configure:2668: checking whether we are cross compiling
configure:2676: cc -o conftest    conftest.c  >&5
configure:2680: $? = 0
configure:2687: ./conftest
configure:2691: $? = 0
configure:2706: result: no
configure:2711: checking for suffix of object files
configure:2733: cc -c   conftest.c >&5
configure:2737: $? = 0
configure:2758: result: o
configure:2762: checking whether we are using the GNU C compiler
configure:2781: cc -c   conftest.c >&5
configure:2781: $? = 0
configure:2790: result: yes
configure:2799: checking whether cc accepts -g
configure:2819: cc -c -g  conftest.c >&5
configure:2819: $? = 0
configure:2860: result: yes
configure:2877: checking for cc option to accept ISO C89
configure:2940: cc  -c -g -O2  conftest.c >&5
configure:2940: $? = 0
configure:2953: result: none needed
configure:2979: checking how to run the C preprocessor
configure:3010: cc -E  conftest.c
configure:3010: $? = 0
configure:3024: cc -E  conftest.c
conftest.c:9:10: fatal error: ac_nonexistent.h: No such file or directory
 #include <ac_nonexistent.h>
          ^~~~~~~~~~~~~~~~~~
compilation terminated.
configure:3024: $? = 1
configure: failed program was:
| /* confdefs.h */
| #define PACKAGE_NAME ""
| #define PACKAGE_TARNAME ""
| #define PACKAGE_VERSION ""
| #define PACKAGE_STRING ""
| #define PACKAGE_BUGREPORT ""
| #define PACKAGE_URL ""
| /* end confdefs.h.  */
| #include <ac_nonexistent.h>
configure:3049: result: cc -E
configure:3069: cc -E  conftest.c
configure:3069: $? = 0
configure:3083: cc -E  conftest.c
conftest.c:9:10: fatal error: ac_nonexistent.h: No such file or directory
 #include <ac_nonexistent.h>
          ^~~~~~~~~~~~~~~~~~
compilation terminated.
configure:3083: $? = 1
configure: failed program was:
| /* confdefs.h */
| #define PACKAGE_NAME ""
| #define PACKAGE_TARNAME ""
| #define PACKAGE_VERSION ""
| #define PACKAGE_STRING ""
| #define PACKAGE_BUGREPORT ""
| #define PACKAGE_URL ""
| /* end confdefs.h.  */
| #include <ac_nonexistent.h>
configure:3114: checking for icc
configure:3123: result: no
configure:3137: checking for suncc
configure:3146: result: no
configure:3164: checking whether cc understands -c and -o together
configure:3192: cc -c conftest.c -o conftest2.o >&5
configure:3196: $? = 0
configure:3202: cc -c conftest.c -o conftest2.o >&5
configure:3206: $? = 0
configure:3261: result: yes
configure:3275: checking for system library directory
configure:3290: result: lib
configure:3297: checking if compiler supports -R
configure:3316: cc -o conftest -g -O2   conftest.c -R /usr/lib  >&5
cc: error: unrecognized command line option '-R'
configure:3316: $? = 1
configure: failed program was:
| /* confdefs.h */
| #define PACKAGE_NAME ""
| #define PACKAGE_TARNAME ""
| #define PACKAGE_VERSION ""
| #define PACKAGE_STRING ""
| #define PACKAGE_BUGREPORT ""
| #define PACKAGE_URL ""
| /* end confdefs.h.  */
| 
| int
| main ()
| {
| 
|   ;
|   return 0;
| }
configure:3326: result: no
configure:3331: checking if compiler supports -Wl,-rpath,
configure:3350: cc -o conftest -g -O2   conftest.c -Wl,-rpath,/usr/lib  >&5
configure:3350: $? = 0
configure:3360: result: yes
configure:3405: checking build system type
configure:3419: result: x86_64-pc-linux-gnu
configure:3439: checking host system type
configure:3452: result: x86_64-pc-linux-gnu
configure:3472: checking target system type
configure:3485: result: x86_64-pc-linux-gnu
configure:3588: checking for PHP prefix
configure:3590: result: /usr
configure:3592: checking for PHP includes
configure:3594: result: -I/usr/include/php/20170718 -I/usr/include/php/20170718/main -I/usr/include/php/20170718/TSRM -I/usr/include/php/20170718/Zend -I/usr/include/php/20170718/ext -I/usr/include/php/20170718/ext/date/lib
configure:3596: checking for PHP extension directory
configure:3598: result: /usr/lib/php/20170718
configure:3600: checking for PHP installed headers prefix
configure:3602: result: /usr/include/php/20170718
configure:3605: checking if debug is enabled
configure:3631: result: no
configure:3634: checking if zts is enabled
configure:3660: result: no
configure:3731: checking for re2c
configure:3761: result: no
configure:3786: WARNING: You will need re2c 0.13.4 or later if you want to regenerate PHP parsers.
configure:3800: checking for gawk
configure:3817: found /usr/bin/gawk
configure:3828: result: gawk
configure:3872: checking whether to enable protobuf support
configure:3911: result: yes, shared
configure:4165: checking whether byte ordering is bigendian
configure:4191: cc -o conftest -g -O2   conftest.c  >&5
configure:4191: $? = 0
configure:4191: ./conftest
configure:4191: $? = 1
configure: program exited with status 1
configure: failed program was:
| /* confdefs.h */
| #define PACKAGE_NAME ""
| #define PACKAGE_TARNAME ""
| #define PACKAGE_VERSION ""
| #define PACKAGE_STRING ""
| #define PACKAGE_BUGREPORT ""
| #define PACKAGE_URL ""
| #define COMPILE_DL_PROTOBUF 1
| /* end confdefs.h.  */
| 
| int main(void)
| {
|   short one = 1;
|   char *cp = (char *)&one;
| 
|   if (*cp == 0) {
|     return(0);
|   } else {
|     return(1);
|   }
| }
| 
configure:4202: result: no
configure:4267: checking how to print strings
configure:4294: result: printf
configure:4315: checking for a sed that does not truncate output
configure:4379: result: /bin/sed
configure:4397: checking for fgrep
configure:4459: result: /bin/grep -F
configure:4494: checking for ld used by cc
configure:4561: result: /usr/bin/ld
configure:4568: checking if the linker (/usr/bin/ld) is GNU ld
configure:4583: result: yes
configure:4595: checking for BSD- or MS-compatible name lister (nm)
configure:4649: result: /usr/bin/nm -B
configure:4779: checking the name lister (/usr/bin/nm -B) interface
configure:4786: cc -c -g -O2  conftest.c >&5
configure:4789: /usr/bin/nm -B "conftest.o"
configure:4792: output
0000000000000000 B some_variable
configure:4799: result: BSD nm
configure:4802: checking whether ln -s works
configure:4806: result: yes
configure:4814: checking the maximum length of command line arguments
configure:4945: result: 1572864
configure:4993: checking how to convert x86_64-pc-linux-gnu file names to x86_64-pc-linux-gnu format
configure:5033: result: func_convert_file_noop
configure:5040: checking how to convert x86_64-pc-linux-gnu file names to toolchain format
configure:5060: result: func_convert_file_noop
configure:5067: checking for /usr/bin/ld option to reload object files
configure:5074: result: -r
configure:5148: checking for objdump
configure:5164: found /usr/bin/objdump
configure:5175: result: objdump
configure:5207: checking how to recognize dependent libraries
configure:5407: result: pass_all
configure:5492: checking for dlltool
configure:5522: result: no
configure:5552: checking how to associate runtime and link libraries
configure:5579: result: printf %s\n
configure:5639: checking for ar
configure:5655: found /usr/bin/ar
configure:5666: result: ar
configure:5703: checking for archiver @FILE support
configure:5720: cc -c -g -O2  conftest.c >&5
configure:5720: $? = 0
configure:5723: ar cru libconftest.a @conftest.lst >&5
ar: `u' modifier ignored since `D' is the default (see `U')
configure:5726: $? = 0
configure:5731: ar cru libconftest.a @conftest.lst >&5
ar: `u' modifier ignored since `D' is the default (see `U')
ar: conftest.o: No such file or directory
configure:5734: $? = 1
configure:5746: result: @
configure:5804: checking for strip
configure:5820: found /usr/bin/strip
configure:5831: result: strip
configure:5903: checking for ranlib
configure:5919: found /usr/bin/ranlib
configure:5930: result: ranlib
configure:6007: checking for gawk
configure:6034: result: gawk
configure:6074: checking command to parse /usr/bin/nm -B output from cc object
configure:6227: cc -c -g -O2  conftest.c >&5
configure:6230: $? = 0
configure:6234: /usr/bin/nm -B conftest.o \| sed -n -e 's/^.*[ ]\([ABCDGIRSTW][ABCDGIRSTW]*\)[ ][ ]*\([_A-Za-z][_A-Za-z0-9]*\)$/\1 \2 \2/p' | sed '/ __gnu_lto/d' \> conftest.nm
configure:6237: $? = 0
configure:6303: cc -o conftest -g -O2   conftest.c conftstm.o >&5
configure:6306: $? = 0
configure:6344: result: ok
configure:6391: checking for sysroot
configure:6421: result: no
configure:6428: checking for a working dd
configure:6466: result: /bin/dd
configure:6470: checking how to truncate binary pipes
configure:6485: result: /bin/dd bs=4096 count=1
configure:6621: cc -c -g -O2  conftest.c >&5
configure:6624: $? = 0
configure:6814: checking for mt
configure:6830: found /bin/mt
configure:6841: result: mt
configure:6864: checking if mt is a manifest tool
configure:6870: mt '-?'
configure:6878: result: no
configure:7550: checking for ANSI C header files
configure:7570: cc -c -g -O2  conftest.c >&5
configure:7570: $? = 0
configure:7643: cc -o conftest -g -O2   conftest.c  >&5
configure:7643: $? = 0
configure:7643: ./conftest
configure:7643: $? = 0
configure:7654: result: yes
configure:7667: checking for sys/types.h
configure:7667: cc -c -g -O2  conftest.c >&5
configure:7667: $? = 0
configure:7667: result: yes
configure:7667: checking for sys/stat.h
configure:7667: cc -c -g -O2  conftest.c >&5
configure:7667: $? = 0
configure:7667: result: yes
configure:7667: checking for stdlib.h
configure:7667: cc -c -g -O2  conftest.c >&5
configure:7667: $? = 0
configure:7667: result: yes
configure:7667: checking for string.h
configure:7667: cc -c -g -O2  conftest.c >&5
configure:7667: $? = 0
configure:7667: result: yes
configure:7667: checking for memory.h
configure:7667: cc -c -g -O2  conftest.c >&5
configure:7667: $? = 0
configure:7667: result: yes
configure:7667: checking for strings.h
configure:7667: cc -c -g -O2  conftest.c >&5
configure:7667: $? = 0
configure:7667: result: yes
configure:7667: checking for inttypes.h
configure:7667: cc -c -g -O2  conftest.c >&5
configure:7667: $? = 0
configure:7667: result: yes
configure:7667: checking for stdint.h
configure:7667: cc -c -g -O2  conftest.c >&5
configure:7667: $? = 0
configure:7667: result: yes
configure:7667: checking for unistd.h
configure:7667: cc -c -g -O2  conftest.c >&5
configure:7667: $? = 0
configure:7667: result: yes
configure:7681: checking for dlfcn.h
configure:7681: cc -c -g -O2  conftest.c >&5
configure:7681: $? = 0
configure:7681: result: yes
configure:7937: checking for objdir
configure:7952: result: .libs
configure:8216: checking if cc supports -fno-rtti -fno-exceptions
configure:8234: cc -c -g -O2  -fno-rtti -fno-exceptions conftest.c >&5
cc1: warning: command line option '-fno-rtti' is valid for C++/ObjC++ but not for C
configure:8238: $? = 0
configure:8251: result: no
configure:8609: checking for cc option to produce PIC
configure:8616: result: -fPIC -DPIC
configure:8624: checking if cc PIC flag -fPIC -DPIC works
configure:8642: cc -c -g -O2  -fPIC -DPIC -DPIC conftest.c >&5
configure:8646: $? = 0
configure:8659: result: yes
configure:8688: checking if cc static flag -static works
configure:8716: result: yes
configure:8731: checking if cc supports -c -o file.o
configure:8752: cc -c -g -O2  -o out/conftest2.o conftest.c >&5
configure:8756: $? = 0
configure:8778: result: yes
configure:8786: checking if cc supports -c -o file.o
configure:8833: result: yes
configure:8866: checking whether the cc linker (/usr/bin/ld -m elf_x86_64) supports shared libraries
configure:10129: result: yes
configure:10166: checking whether -lc should be explicitly linked in
configure:10174: cc -c -g -O2  conftest.c >&5
configure:10177: $? = 0
configure:10192: cc -shared  -fPIC -DPIC conftest.o  -v -Wl,-soname -Wl,conftest -o conftest 2\>\&1 \| /bin/grep  -lc  \>/dev/null 2\>\&1
configure:10195: $? = 0
configure:10209: result: no
configure:10369: checking dynamic linker characteristics
configure:10950: cc -o conftest -g -O2   -Wl,-rpath -Wl,/foo conftest.c  >&5
configure:10950: $? = 0
configure:11199: result: GNU/Linux ld.so
configure:11321: checking how to hardcode library paths into programs
configure:11346: result: immediate
configure:11894: checking whether stripping libraries is possible
configure:11899: result: yes
configure:11934: checking if libtool supports shared libraries
configure:11936: result: yes
configure:11939: checking whether to build shared libraries
configure:11964: result: yes
configure:11967: checking whether to build static libraries
configure:11971: result: no
configure:12246: creating ./config.status

## ---------------------- ##
## Running config.status. ##
## ---------------------- ##

This file was extended by config.status, which was
generated by GNU Autoconf 2.69.  Invocation command line was

  CONFIG_FILES    = 
  CONFIG_HEADERS  = 
  CONFIG_LINKS    = 
  CONFIG_COMMANDS = 
  $ ./config.status 

on liuxu-All-Series

config.status:888: creating config.h
config.status:992: executing libtool commands

## ---------------- ##
## Cache variables. ##
## ---------------- ##

ac_cv_build=x86_64-pc-linux-gnu
ac_cv_c_bigendian_php=no
ac_cv_c_compiler_gnu=yes
ac_cv_env_CC_set=
ac_cv_env_CC_value=
ac_cv_env_CFLAGS_set=
ac_cv_env_CFLAGS_value=
ac_cv_env_CPPFLAGS_set=
ac_cv_env_CPPFLAGS_value=
ac_cv_env_CPP_set=
ac_cv_env_CPP_value=
ac_cv_env_LDFLAGS_set=
ac_cv_env_LDFLAGS_value=
ac_cv_env_LIBS_set=
ac_cv_env_LIBS_value=
ac_cv_env_LT_SYS_LIBRARY_PATH_set=
ac_cv_env_LT_SYS_LIBRARY_PATH_value=
ac_cv_env_build_alias_set=
ac_cv_env_build_alias_value=
ac_cv_env_host_alias_set=
ac_cv_env_host_alias_value=
ac_cv_env_target_alias_set=
ac_cv_env_target_alias_value=
ac_cv_header_dlfcn_h=yes
ac_cv_header_inttypes_h=yes
ac_cv_header_memory_h=yes
ac_cv_header_stdc=yes
ac_cv_header_stdint_h=yes
ac_cv_header_stdlib_h=yes
ac_cv_header_string_h=yes
ac_cv_header_strings_h=yes
ac_cv_header_sys_stat_h=yes
ac_cv_header_sys_types_h=yes
ac_cv_header_unistd_h=yes
ac_cv_host=x86_64-pc-linux-gnu
ac_cv_objext=o
ac_cv_path_EGREP='/bin/grep -E'
ac_cv_path_FGREP='/bin/grep -F'
ac_cv_path_GREP=/bin/grep
ac_cv_path_SED=/bin/sed
ac_cv_path_lt_DD=/bin/dd
ac_cv_prog_AWK=gawk
ac_cv_prog_CPP='cc -E'
ac_cv_prog_ac_ct_AR=ar
ac_cv_prog_ac_ct_CC=cc
ac_cv_prog_ac_ct_MANIFEST_TOOL=mt
ac_cv_prog_ac_ct_OBJDUMP=objdump
ac_cv_prog_ac_ct_RANLIB=ranlib
ac_cv_prog_ac_ct_STRIP=strip
ac_cv_prog_cc_c89=
ac_cv_prog_cc_cc_c_o=yes
ac_cv_prog_cc_g=yes
ac_cv_target=x86_64-pc-linux-gnu
lt_cv_ar_at_file=@
lt_cv_archive_cmds_need_lc=no
lt_cv_deplibs_check_method=pass_all
lt_cv_file_magic_cmd='$MAGIC_CMD'
lt_cv_file_magic_test_file=
lt_cv_ld_reload_flag=-r
lt_cv_nm_interface='BSD nm'
lt_cv_objdir=.libs
lt_cv_path_LD=/usr/bin/ld
lt_cv_path_NM='/usr/bin/nm -B'
lt_cv_path_mainfest_tool=no
lt_cv_prog_compiler_c_o=yes
lt_cv_prog_compiler_pic='-fPIC -DPIC'
lt_cv_prog_compiler_pic_works=yes
lt_cv_prog_compiler_rtti_exceptions=no
lt_cv_prog_compiler_static_works=yes
lt_cv_prog_gnu_ld=yes
lt_cv_sharedlib_from_linklib_cmd='printf %s\n'
lt_cv_shlibpath_overrides_runpath=yes
lt_cv_sys_global_symbol_pipe='sed -n -e '\''s/^.*[	 ]\([ABCDGIRSTW][ABCDGIRSTW]*\)[	 ][	 ]*\([_A-Za-z][_A-Za-z0-9]*\)$/\1 \2 \2/p'\'' | sed '\''/ __gnu_lto/d'\'''
lt_cv_sys_global_symbol_to_c_name_address='sed -n -e '\''s/^: \(.*\) .*$/  {"\1", (void *) 0},/p'\'' -e '\''s/^[ABCDGIRSTW][ABCDGIRSTW]* .* \(.*\)$/  {"\1", (void *) \&\1},/p'\'''
lt_cv_sys_global_symbol_to_c_name_address_lib_prefix='sed -n -e '\''s/^: \(.*\) .*$/  {"\1", (void *) 0},/p'\'' -e '\''s/^[ABCDGIRSTW][ABCDGIRSTW]* .* \(lib.*\)$/  {"\1", (void *) \&\1},/p'\'' -e '\''s/^[ABCDGIRSTW][ABCDGIRSTW]* .* \(.*\)$/  {"lib\1", (void *) \&\1},/p'\'''
lt_cv_sys_global_symbol_to_cdecl='sed -n -e '\''s/^T .* \(.*\)$/extern int \1();/p'\'' -e '\''s/^[ABCDGIRSTW][ABCDGIRSTW]* .* \(.*\)$/extern char \1;/p'\'''
lt_cv_sys_global_symbol_to_import=
lt_cv_sys_max_cmd_len=1572864
lt_cv_to_host_file_cmd=func_convert_file_noop
lt_cv_to_tool_file_cmd=func_convert_file_noop
lt_cv_truncate_bin='/bin/dd bs=4096 count=1'
php_cv_cc_dashr=no
php_cv_cc_rpath=yes

## ----------------- ##
## Output variables. ##
## ----------------- ##

AR='ar'
AWK='gawk'
CC='cc'
CFLAGS='-g -O2'
CONFIGURE_COMMAND=' '\''./configure'\'' '
CONFIGURE_OPTIONS=''
CPP='cc -E'
CPPFLAGS=' -DHAVE_CONFIG_H'
DEFS='-DHAVE_CONFIG_H'
DLLTOOL='false'
DSYMUTIL=''
DUMPBIN=''
ECHO_C=''
ECHO_N='-n'
ECHO_T=''
EGREP='/bin/grep -E'
EXEEXT=''
FGREP='/bin/grep -F'
GREP='/bin/grep'
LD='/usr/bin/ld -m elf_x86_64'
LDFLAGS=''
LIBOBJS=''
LIBS=''
LIBTOOL='$(SHELL) $(top_builddir)/libtool'
LIPO=''
LN_S='ln -s'
LTLIBOBJS=''
LT_SYS_LIBRARY_PATH=''
MANIFEST_TOOL=':'
NM='/usr/bin/nm -B'
NMEDIT=''
OBJDUMP='objdump'
OBJEXT='o'
OTOOL64=''
OTOOL=''
PACKAGE_BUGREPORT=''
PACKAGE_NAME=''
PACKAGE_STRING=''
PACKAGE_TARNAME=''
PACKAGE_URL=''
PACKAGE_VERSION=''
PATH_SEPARATOR=':'
RANLIB='ranlib'
RE2C='exit 0;'
SED='/bin/sed'
SHELL='/bin/bash'
SHLIB_DL_SUFFIX_NAME='so'
SHLIB_SUFFIX_NAME='so'
STRIP='strip'
ac_ct_AR='ar'
ac_ct_CC='cc'
ac_ct_DUMPBIN=''
bindir='${exec_prefix}/bin'
build='x86_64-pc-linux-gnu'
build_alias=''
build_cpu='x86_64'
build_os='linux-gnu'
build_vendor='pc'
datadir='${datarootdir}'
datarootdir='${prefix}/share'
docdir='${datarootdir}/doc/${PACKAGE}'
dvidir='${docdir}'
exec_prefix='$(prefix)'
host='x86_64-pc-linux-gnu'
host_alias='x86_64-pc-linux-gnu'
host_cpu='x86_64'
host_os='linux-gnu'
host_vendor='pc'
htmldir='${docdir}'
includedir='${prefix}/include'
infodir='${datarootdir}/info'
libdir='${exec_prefix}/lib'
libexecdir='${exec_prefix}/libexec'
localedir='${datarootdir}/locale'
localstatedir='${prefix}/var'
mandir='${datarootdir}/man'
oldincludedir='/usr/include'
pdfdir='${docdir}'
prefix='/usr'
program_transform_name='s,x,x,'
psdir='${docdir}'
runstatedir='${localstatedir}/run'
sbindir='${exec_prefix}/sbin'
sharedstatedir='${prefix}/com'
sysconfdir='${prefix}/etc'
target='x86_64-pc-linux-gnu'
target_alias=''
target_cpu='x86_64'
target_os='linux-gnu'
target_vendor='pc'

## ----------- ##
## confdefs.h. ##
## ----------- ##

/* confdefs.h */
#define PACKAGE_NAME ""
#define PACKAGE_TARNAME ""
#define PACKAGE_VERSION ""
#define PACKAGE_STRING ""
#define PACKAGE_BUGREPORT ""
#define PACKAGE_URL ""
#define COMPILE_DL_PROTOBUF 1
#define STDC_HEADERS 1
#define HAVE_SYS_TYPES_H 1
#define HAVE_SYS_STAT_H 1
#define HAVE_STDLIB_H 1
#define HAVE_STRING_H 1
#define HAVE_MEMORY_H 1
#define HAVE_STRINGS_H 1
#define HAVE_INTTYPES_H 1
#define HAVE_STDINT_H 1
#define HAVE_UNISTD_H 1
#define HAVE_DLFCN_H 1
#define LT_OBJDIR ".libs/"

configure: exit 0
